<?xml version="1.0" encoding="UTF-8"?>
<!-- Generated by org.testng.reporters.JUnitXMLReporter -->
<testsuite ignored="4" hostname="DESKTOP-N6A5O2E" failures="0" tests="3" name="Basic Test" time="74.768" errors="0" timestamp="2024-01-13T07:11:46 CET">
  <testcase classname="ECommerce.pageFactory.Basics" name="CheckErrorToastMessage" time="5.901"/>
  <testcase classname="ECommerce.pageFactory.Basics" name="FillForm" time="31.505"/>
  <testcase classname="ECommerce.pageFactory.Basics" name="FillForm" time="23.447"/>
  <testcase classname="ECommerce.pageFactory.Basics" name="VerifyTermsOnCartPage" time="0.0">
    <ignored/>
  </testcase> <!-- VerifyTermsOnCartPage -->
  <testcase classname="ECommerce.pageFactory.Basics" name="VerifyTotalOnCartPage" time="0.0">
    <ignored/>
  </testcase> <!-- VerifyTotalOnCartPage -->
  <testcase classname="ECommerce.pageFactory.Basics" name="SelectShoes" time="0.0">
    <ignored/>
  </testcase> <!-- SelectShoes -->
  <testcase classname="ECommerce.pageFactory.Basics" name="CheckHybridWebView" time="0.0">
    <ignored/>
  </testcase> <!-- CheckHybridWebView -->
</testsuite> <!-- Basic Test -->
