<?xml version="1.0" encoding="UTF-8"?>
<testsuite xmlns:xsi="http://www.w3.org/2001/XMLSchema-instance" xsi:noNamespaceSchemaLocation="https://maven.apache.org/surefire/maven-surefire-plugin/xsd/surefire-test-report-3.0.xsd" version="3.0" name="TestSuite" time="76.024" tests="3" errors="0" skipped="0" failures="0">
  <properties>
[...]
</properties>
  <testcase name="CheckErrorToastMessage" classname="ECommerce.pageFactory.Basics" time="5.897">
    <system-out><![CDATA[deviceName: Pixel 7 API 30
&amp#27;[35m[Appium]&amp#27;[39m Welcome to Appium v2.3.0
&amp#27;[35m[Appium]&amp#27;[39m The autodetected Appium home path: C:\Users\NirmalDarji\.appium
&amp#27;[35m[Appium]&amp#27;[39m Attempting to load driver uiautomator2...
&amp#27;[35m[Appium]&amp#27;[39m Attempting to load driver xcuitest...
&amp#27;[35m[Appium]&amp#27;[39m Requiring driver at C:\Users\NirmalDarji\.appium\node_modules\appium-uiautomator2-driver\build\index.js
&amp#27;[35m[Appium]&amp#27;[39m Requiring driver at C:\Users\NirmalDarji\.appium\node_modules\appium-xcuitest-driver\build\index.js
&amp#27;[35m[Appium]&amp#27;[39m AndroidUiautomator2Driver has been successfully loaded in 2.953s
&amp#27;[35m[Appium]&amp#27;[39m XCUITestDriver has been successfully loaded in 2.953s
&amp#27;[38;5;0m[HTTP]&amp#27;[0m Could not start REST http interface listener. The requested port may already be in use. Please make sure there is no other instance of this server running already.
&amp#27;[35m[Appium]&amp#27;[39m Could not configure Appium server. It's possible that a driver or plugin tried to update the server and failed. Original error: listen EADDRINUSE: address already in use 0.0.0.0:4723
&amp#27;[35m[Appium]&amp#27;[39m Error: listen EADDRINUSE: address already in use 0.0.0.0:4723
&amp#27;[35m[Appium]&amp#27;[39m     at Server.setupListenHandle [as _listen2] (node:net:1872:16)
&amp#27;[35m[Appium]&amp#27;[39m     at listenInCluster (node:net:1920:12)
&amp#27;[35m[Appium]&amp#27;[39m     at doListen (node:net:2069:7)
&amp#27;[35m[Appium]&amp#27;[39m     at processTicksAndRejections (node:internal/process/task_queues:83:21)
com.androidsample.generalstore/com.androidsample.generalstore.MainActivity
]]></system-out>
    <system-err><![CDATA[SLF4J: No SLF4J providers were found.
SLF4J: Defaulting to no-operation (NOP) logger implementation
SLF4J: See https://www.slf4j.org/codes.html#noProviders for further details.
]]></system-err>
  </testcase>
  <testcase name="FillForm[Nirmal Darji, Male, India](1)" classname="ECommerce.pageFactory.Basics" time="31.506">
    <system-out><![CDATA[com.androidsample.generalstore/com.androidsample.generalstore.MainActivity
]]></system-out>
  </testcase>
  <testcase name="FillForm[Richa Darji, Female, Germany](2)" classname="ECommerce.pageFactory.Basics" time="23.446">
    <system-out><![CDATA[com.androidsample.generalstore/com.androidsample.generalstore.MainActivity
]]></system-out>
  </testcase>
</testsuite>